*****************************************************************
      SolidWorks Corporation - Relatório de status do Processador de IGES
*****************************************************************
=================================================================
Informações gerais
=================================================================
Enviando ID de produto do sistema : Bateria 12v 18Ah
Recebendo ID de produto do sistema : Bateria 12v 18Ah
Nome do arquivo                    : C:\Users\Bruno Castro\Documents\GitHub\Doris_Arm\Misc_parts\Solid 2016\Bateria\Bateria 12v 18Ah.IGS
Enviando sistema               : SolidWorks 2017
Versão do pré-processador         : SolidWorks 2017
Data de criação do arquivo           : 190429.132831
Data de criação do modelo           : 190429.132831
Unidades                        : MM
Escala de espaço do modelo            : 1
Autor                       : Bruno Castro
Organização                 : 


=================================================================
Informações de processamento da entidade
=================================================================


=================================================================
Análise de precisão do arquivo IGES:
=================================================================
  Número mais prevalente de dígitos significativos:               3
  Número mais alto de dígitos significativos:                     11
  Número médio de dígitos significativos:                4.21239
  Distância máxima da origem:                          1162.54
  Distância mínima da origem:                          55.9908
  Número eficaz de dígitos significativos:              10.9581


=================================================================
Resumo de entidade
=================================================================
-----------------------------------------------------------------
Nome do tipo                                         Contagem convertida
---- ----                                         ----- ---------
100  Arc                                             16        16
102  Composite curve                                 32        32
110  Line                                            52        52
120  Surface of revolution                            4         4
124  Transformation matrix                           16        16
126  Rational B-spline curve                         60        60
128  Rational B-spline surface                       10        10
142  Curve on a parametric surface                   16        16
144  Trimmed parametric surface                      14        14
314  Color definition                                15        15
_________________________________________________________________


=================================================================
Resumo de resultados
=================================================================
Tipo de recurso do SolidWorks                Contagem
-----------------------                -----
Recursos sólidos                       1
Recursos de superfície                     0
Recursos de curva/esboço                0
--------------------------------------------
Hora inicial: segunda-feira, abril 29, 2019 14:53:35
Hora de término: segunda-feira, abril 29, 2019 14:53:49
Tempo de processamento: 0 days, 00 hours, 00 mins, 14 secs
